2015-01-14 19:48:39,631 [94] INFO  BootstrapMVC.Controllers.StoresController [(null)] Inside  Store Index
2015-01-14 20:03:59,228 [22] INFO  BootstrapMVC.Controllers.StoresController [(null)] Inside  Store Index
2015-01-14 20:05:21,832 [22] INFO  BootstrapMVC.Controllers.StoresController [(null)] Inside  Store Index
-------------------------------------------With Debug , all levels are logged ----------------------------------
2015-01-14 20:29:52,600 [67] INFO  BootstrapMVC.Controllers.StoresController [(null)] Inside  Store Index Info
2015-01-14 20:29:52,612 [67] FATAL BootstrapMVC.Controllers.StoresController [(null)] Inside  Store Index Fatal
2015-01-14 20:29:52,612 [67] ERROR BootstrapMVC.Controllers.StoresController [(null)] Inside  Store Index Error
2015-01-14 20:29:52,616 [67] DEBUG BootstrapMVC.Controllers.StoresController [(null)] Inside  Store Index Debug
2015-01-14 20:29:52,616 [67] WARN  BootstrapMVC.Controllers.StoresController [(null)] Inside  Store Index Warn
-------------------------------------------With Info, debug is omitted ----------------------------------
2015-01-14 20:35:45,819 [34] INFO  BootstrapMVC.Controllers.StoresController [(null)] Inside  Store Index Info 
2015-01-14 20:35:45,835 [34] FATAL BootstrapMVC.Controllers.StoresController [(null)] Inside  Store Index Fatal
2015-01-14 20:35:45,835 [34] ERROR BootstrapMVC.Controllers.StoresController [(null)] Inside  Store Index Error
2015-01-14 20:35:45,835 [34] WARN  BootstrapMVC.Controllers.StoresController [(null)] Inside  Store Index Warn
-----------------------------------------------With Warn, debug and info are omitted--------------------
2015-01-14 21:36:17,209 [84] FATAL BootstrapMVC.Controllers.StoresController [(null)] Inside  Store Index Fatal
2015-01-14 21:36:17,228 [84] ERROR BootstrapMVC.Controllers.StoresController [(null)] Inside  Store Index Error
2015-01-14 21:36:17,228 [84] WARN  BootstrapMVC.Controllers.StoresController [(null)] Inside  Store Index Warn
-------------------------------------------With Error, debug info and Warn are omitted ----------------------------------
2015-01-14 21:43:39,738 [67] FATAL BootstrapMVC.Controllers.StoresController [(null)] Inside  Store Index Fatal
2015-01-14 21:43:39,753 [67] ERROR BootstrapMVC.Controllers.StoresController [(null)] Inside  Store Index Error
-------------------------------------------With Fatal, debug, info, Warn and Error are omitted ----------------------------------
2015-01-14 21:48:18,810 [79] FATAL BootstrapMVC.Controllers.StoresController [(null)] Inside  Store Index Fatal
2015-01-15 08:26:06,770 [7] FATAL BootstrapMVC.Controllers.StoresController [(null)] Inside  Store Index Fatal
2015-01-15 08:35:49,084 [5] FATAL BootstrapMVC.Helpers.Logger [(null)] Inside  Store Index Fatal
2015-01-18 09:43:47,521 [10] FATAL BootstrapMVC.Helpers.Logger [(null)] Inside  Store Index Fatal
2015-01-18 09:43:47,976 [9] FATAL BootstrapMVC.Helpers.Logger [(null)] Inside  Store Index Fatal
2015-01-18 09:44:28,014 [3] FATAL BootstrapMVC.Helpers.Logger [(null)] Inside  Store Index Fatal
2015-01-18 09:44:29,989 [11] FATAL BootstrapMVC.Helpers.Logger [(null)] Inside  Store Index Fatal
2015-01-18 09:44:31,429 [10] FATAL BootstrapMVC.Helpers.Logger [(null)] Inside  Store Index Fatal
2015-01-18 09:44:32,877 [10] FATAL BootstrapMVC.Helpers.Logger [(null)] Inside  Store Index Fatal
2015-01-18 09:44:35,812 [11] FATAL BootstrapMVC.Helpers.Logger [(null)] Inside  Store Index Fatal
2015-01-18 09:44:37,558 [10] FATAL BootstrapMVC.Helpers.Logger [(null)] Inside  Store Index Fatal
2015-01-18 09:44:39,672 [11] FATAL BootstrapMVC.Helpers.Logger [(null)] Inside  Store Index Fatal
2015-01-18 09:51:26,680 [14] FATAL BootstrapMVC.Helpers.Logger [(null)] Inside  Store Index Fatal
2015-01-18 09:51:31,568 [21] FATAL BootstrapMVC.Helpers.Logger [(null)] Inside  Store Index Fatal
2015-01-18 09:51:32,386 [16] FATAL BootstrapMVC.Helpers.Logger [(null)] Inside  Store Index Fatal
2015-01-18 09:51:33,081 [9] FATAL BootstrapMVC.Helpers.Logger [(null)] Inside  Store Index Fatal
2015-01-18 09:51:33,514 [4] FATAL BootstrapMVC.Helpers.Logger [(null)] Inside  Store Index Fatal
2015-01-18 09:51:33,738 [9] FATAL BootstrapMVC.Helpers.Logger [(null)] Inside  Store Index Fatal
2015-01-18 23:27:06,683 [7] FATAL BootstrapMVC.Helpers.Logger [(null)] Inside  Store Index Fatal
2015-01-18 23:27:20,507 [9] FATAL BootstrapMVC.Helpers.Logger [(null)] Inside  Store Index Fatal
2015-01-19 16:03:47,954 [33] FATAL BootstrapMVC.Helpers.Logger [(null)] Inside  Store Index Fatal
2015-01-19 16:09:44,390 [5] FATAL BootstrapMVC.Helpers.Logger [(null)] Inside  Store Index Fatal
2015-01-19 16:09:55,888 [5] FATAL BootstrapMVC.Helpers.Logger [(null)] Inside  Store Index Fatal
2015-01-19 16:13:02,372 [9] FATAL BootstrapMVC.Helpers.Logger [(null)] Inside  Store Index Fatal
2015-01-19 16:13:12,251 [8] FATAL BootstrapMVC.Helpers.Logger [(null)] Inside  Store Index Fatal
2015-01-19 16:13:13,920 [9] FATAL BootstrapMVC.Helpers.Logger [(null)] Inside  Store Index Fatal
2015-01-19 16:15:04,388 [11] FATAL BootstrapMVC.Helpers.Logger [(null)] Inside  Store Index Fatal
2015-01-19 16:15:14,700 [5] FATAL BootstrapMVC.Helpers.Logger [(null)] Inside  Store Index Fatal
2015-01-19 16:42:21,799 [7] FATAL BootstrapMVC.Helpers.Logger [(null)] Inside  Store Index Fatal
2015-01-19 16:42:30,758 [8] FATAL BootstrapMVC.Helpers.Logger [(null)] Inside  Store Index Fatal
2015-01-19 16:42:32,013 [8] FATAL BootstrapMVC.Helpers.Logger [(null)] Inside  Store Index Fatal
2015-01-19 16:46:30,086 [12] FATAL BootstrapMVC.Helpers.Logger [(null)] Inside  Store Index Fatal
2015-01-19 16:46:36,460 [13] FATAL BootstrapMVC.Helpers.Logger [(null)] Inside  Store Index Fatal
2015-01-19 16:46:38,203 [12] FATAL BootstrapMVC.Helpers.Logger [(null)] Inside  Store Index Fatal
2015-01-19 16:46:40,763 [9] FATAL BootstrapMVC.Helpers.Logger [(null)] Inside  Store Index Fatal
2015-01-19 16:53:11,229 [29] FATAL BootstrapMVC.Helpers.Logger [(null)] Inside  Store Index Fatal
2015-01-19 16:53:17,012 [21] FATAL BootstrapMVC.Helpers.Logger [(null)] Inside  Store Index Fatal
2015-01-19 16:53:18,423 [21] FATAL BootstrapMVC.Helpers.Logger [(null)] Inside  Store Index Fatal
2015-01-19 16:53:19,725 [7] FATAL BootstrapMVC.Helpers.Logger [(null)] Inside  Store Index Fatal
2015-01-19 16:53:20,435 [20] FATAL BootstrapMVC.Helpers.Logger [(null)] Inside  Store Index Fatal
2015-01-19 17:17:32,531 [13] FATAL BootstrapMVC.Helpers.Logger [(null)] Inside  Store Index Fatal
2015-01-19 17:17:37,897 [18] FATAL BootstrapMVC.Helpers.Logger [(null)] Inside  Store Index Fatal
2015-01-19 17:17:39,112 [7] FATAL BootstrapMVC.Helpers.Logger [(null)] Inside  Store Index Fatal
2015-01-19 17:17:40,740 [13] FATAL BootstrapMVC.Helpers.Logger [(null)] Inside  Store Index Fatal
2015-01-19 19:16:09,139 [12] FATAL BootstrapMVC.Helpers.Logger [(null)] Inside  Store Index Fatal
2015-01-19 19:28:08,471 [7] FATAL BootstrapMVC.Helpers.Logger [(null)] Inside  Store Index Fatal
2015-01-19 19:28:58,247 [10] FATAL BootstrapMVC.Helpers.Logger [(null)] Inside  Store Index Fatal
2015-01-19 19:30:16,929 [12] FATAL BootstrapMVC.Helpers.Logger [(null)] Inside  Store Index Fatal
2015-01-19 19:34:26,366 [11] FATAL BootstrapMVC.Helpers.Logger [(null)] Inside  Store Index Fatal
2015-01-20 07:03:29,522 [10] FATAL BootstrapMVC.Helpers.Logger [(null)] Inside  Store Index Fatal
2015-01-20 07:03:30,860 [6] FATAL BootstrapMVC.Helpers.Logger [(null)] Inside  Store Index Fatal
2015-01-21 17:49:49,688 [164] FATAL BootstrapMVC.Helpers.Logger [(null)] Inside  Store Index Fatal
2015-01-24 13:08:54,414 [8] FATAL BootstrapMVC.Helpers.Logger [(null)] Inside  Store Index Fatal
2015-01-24 13:10:16,354 [12] FATAL BootstrapMVC.Helpers.Logger [(null)] Inside  Store Index Fatal
2015-01-24 13:11:15,406 [14] FATAL BootstrapMVC.Helpers.Logger [(null)] Inside  Store Index Fatal
2015-01-24 13:11:17,841 [3] FATAL BootstrapMVC.Helpers.Logger [(null)] Inside  Store Index Fatal
2015-01-24 13:11:19,933 [14] FATAL BootstrapMVC.Helpers.Logger [(null)] Inside  Store Index Fatal
2015-01-24 13:11:23,083 [13] FATAL BootstrapMVC.Helpers.Logger [(null)] Inside  Store Index Fatal
2015-01-24 16:44:50,402 [13] FATAL BootstrapMVC.Helpers.Logger [(null)] Inside  Store Index Fatal
2015-01-24 16:45:46,796 [13] FATAL BootstrapMVC.Helpers.Logger [(null)] Inside  Store Index Fatal
2015-01-29 18:15:00,944 [56] FATAL BootstrapMVC.Helpers.Logger [(null)] Inside  Store Index Fatal
2015-01-30 14:45:42,520 [11] FATAL BootstrapMVC.Helpers.Logger [(null)] Inside  Store Index Fatal
2015-01-30 14:51:25,453 [11] FATAL BootstrapMVC.Helpers.Logger [(null)] Inside  Store Index Fatal
2015-01-30 14:52:59,028 [13] FATAL BootstrapMVC.Helpers.Logger [(null)] Inside  Store Index Fatal
2015-01-30 14:53:39,405 [20] FATAL BootstrapMVC.Helpers.Logger [(null)] Inside  Store Index Fatal
2015-01-30 15:08:50,589 [32] FATAL BootstrapMVC.Helpers.Logger [(null)] Inside  Store Index Fatal
2015-01-30 16:06:34,433 [11] FATAL BootstrapMVC.Helpers.Logger [(null)] Inside  Store Index Fatal
2015-01-30 16:13:51,984 [8] FATAL BootstrapMVC.Helpers.Logger [(null)] Inside  Store Index Fatal
2015-01-31 21:18:40,356 [10] FATAL BootstrapMVC.Helpers.Logger [(null)] Inside  Store Index Fatal
2015-01-31 21:18:56,970 [6] FATAL BootstrapMVC.Helpers.Logger [(null)] Inside  Store Index Fatal
2015-01-31 21:19:00,119 [6] FATAL BootstrapMVC.Helpers.Logger [(null)] Inside  Store Index Fatal
2015-01-31 21:19:02,714 [12] FATAL BootstrapMVC.Helpers.Logger [(null)] Inside  Store Index Fatal
2015-01-31 21:19:05,843 [11] FATAL BootstrapMVC.Helpers.Logger [(null)] Inside  Store Index Fatal
2015-01-31 21:19:09,060 [10] FATAL BootstrapMVC.Helpers.Logger [(null)] Inside  Store Index Fatal
2015-01-31 21:24:40,433 [22] FATAL BootstrapMVC.Helpers.Logger [(null)] Inside  Store Index Fatal
2015-02-01 07:24:40,785 [153] FATAL BootstrapMVC.Helpers.Logger [(null)] Inside  Store Index Fatal
2015-02-01 07:25:14,481 [151] FATAL BootstrapMVC.Helpers.Logger [(null)] Inside  Store Index Fatal
2015-02-01 07:26:45,542 [149] FATAL BootstrapMVC.Helpers.Logger [(null)] Inside  Store Index Fatal
2015-02-01 07:27:38,244 [26] FATAL BootstrapMVC.Helpers.Logger [(null)] Inside  Store Index Fatal
2015-02-01 07:33:00,651 [43] FATAL BootstrapMVC.Helpers.Logger [(null)] Inside  Store Index Fatal
2015-02-01 07:50:47,936 [16] FATAL BootstrapMVC.Helpers.Logger [(null)] Inside  Store Index Fatal
2015-02-02 19:02:05,639 [42] FATAL BootstrapMVC.Helpers.Logger [(null)] Inside  Store Index Fatal
2015-02-02 19:02:05,639 [828] FATAL BootstrapMVC.Helpers.Logger [(null)] Inside  Store Index Fatal
2015-02-02 19:02:05,639 [832] FATAL BootstrapMVC.Helpers.Logger [(null)] Inside  Store Index Fatal
2015-02-02 19:07:36,086 [825] FATAL BootstrapMVC.Helpers.Logger [(null)] Inside  Store Index Fatal
2015-02-02 19:09:47,023 [642] FATAL BootstrapMVC.Helpers.Logger [(null)] Inside  Store Index Fatal
2015-02-02 19:16:29,682 [642] FATAL BootstrapMVC.Helpers.Logger [(null)] Inside  Store Index Fatal
2015-02-02 19:17:52,562 [642] FATAL BootstrapMVC.Helpers.Logger [(null)] Inside  Store Index Fatal
2015-02-02 19:22:57,916 [828] FATAL BootstrapMVC.Helpers.Logger [(null)] Inside  Store Index Fatal
2015-02-02 19:22:59,280 [819] FATAL BootstrapMVC.Helpers.Logger [(null)] Inside  Store Index Fatal
2015-02-02 19:23:08,344 [819] FATAL BootstrapMVC.Helpers.Logger [(null)] Inside  Store Index Fatal
2015-02-02 19:53:28,731 [821] FATAL BootstrapMVC.Helpers.Logger [(null)] Inside  Store Index Fatal
2015-02-02 19:54:22,335 [821] FATAL BootstrapMVC.Helpers.Logger [(null)] Inside  Store Index Fatal
2015-02-02 19:54:45,666 [821] FATAL BootstrapMVC.Helpers.Logger [(null)] Inside  Store Index Fatal
2015-02-02 19:54:53,350 [828] FATAL BootstrapMVC.Helpers.Logger [(null)] Inside  Store Index Fatal
2015-02-02 19:55:26,194 [821] FATAL BootstrapMVC.Helpers.Logger [(null)] Inside  Store Index Fatal
2015-02-02 19:55:52,561 [827] FATAL BootstrapMVC.Helpers.Logger [(null)] Inside  Store Index Fatal
2015-02-02 19:56:36,184 [827] FATAL BootstrapMVC.Helpers.Logger [(null)] Inside  Store Index Fatal
2015-02-02 19:58:15,303 [111] FATAL BootstrapMVC.Helpers.Logger [(null)] Inside  Store Index Fatal
2015-02-02 21:24:03,947 [806] FATAL BootstrapMVC.Helpers.Logger [(null)] Inside  Store Index Fatal
2015-02-02 21:24:03,947 [810] FATAL BootstrapMVC.Helpers.Logger [(null)] Inside  Store Index Fatal
2015-02-03 16:14:09,619 [827] FATAL BootstrapMVC.Helpers.Logger [(null)] Inside  Store Index Fatal
2015-02-03 16:25:04,774 [811] FATAL BootstrapMVC.Helpers.Logger [(null)] Inside  Store Index Fatal
2015-02-03 16:29:14,543 [824] FATAL BootstrapMVC.Helpers.Logger [(null)] Inside  Store Index Fatal
2015-02-03 16:32:04,067 [810] FATAL BootstrapMVC.Helpers.Logger [(null)] Inside  Store Index Fatal
2015-02-03 16:34:37,281 [811] FATAL BootstrapMVC.Helpers.Logger [(null)] Inside  Store Index Fatal
2015-02-03 16:35:57,709 [811] FATAL BootstrapMVC.Helpers.Logger [(null)] Inside  Store Index Fatal
2015-02-03 16:39:51,927 [811] FATAL BootstrapMVC.Helpers.Logger [(null)] Inside  Store Index Fatal
2015-02-03 16:48:25,192 [5] FATAL BootstrapMVC.Helpers.Logger [(null)] Inside  Store Index Fatal
2015-02-03 20:31:12,654 [8] FATAL BootstrapMVC.Helpers.Logger [(null)] Inside  Store Index Fatal
2015-02-03 20:32:09,347 [5] FATAL BootstrapMVC.Helpers.Logger [(null)] Inside  Store Index Fatal
2015-02-03 20:33:28,987 [6] FATAL BootstrapMVC.Helpers.Logger [(null)] Inside  Store Index Fatal
2015-02-08 18:26:27,005 [10] FATAL BootstrapMVC.Helpers.Logger [(null)] Inside  Store Index Fatal
2015-02-09 12:55:12,329 [9] FATAL BootstrapMVC.Helpers.Logger [(null)] Inside  Store Index Fatal
2015-02-09 13:39:02,125 [69] FATAL BootstrapMVC.Helpers.Logger [(null)] Inside  Store Index Fatal
2015-02-09 13:40:43,726 [80] FATAL BootstrapMVC.Helpers.Logger [(null)] Inside  Store Index Fatal
2015-02-09 13:46:07,577 [63] FATAL BootstrapMVC.Helpers.Logger [(null)] Inside  Store Index Fatal
2015-02-09 16:33:53,733 [60] FATAL BootstrapMVC.Helpers.Logger [(null)] Inside  Store Index Fatal
2015-02-12 06:40:47,231 [15] FATAL BootstrapMVC.Helpers.Logger [(null)] Inside  Store Index Fatal
2015-02-15 07:58:24,593 [10] FATAL BootstrapMVC.Helpers.Logger [(null)] Inside  Store Index Fatal
2015-02-15 08:27:28,750 [9] FATAL BootstrapMVC.Helpers.Logger [(null)] Inside  Store Index Fatal
2015-03-02 07:11:37,326 [9] FATAL BootstrapMVC.Helpers.Logger [(null)] Inside  Store Index Fatal
2015-03-02 15:06:36,354 [130] FATAL BootstrapMVC.Helpers.Logger [(null)] Inside  Store Index Fatal
2015-03-02 15:10:28,256 [122] FATAL BootstrapMVC.Helpers.Logger [(null)] Inside  Store Index Fatal
2015-03-02 15:10:29,488 [136] FATAL BootstrapMVC.Helpers.Logger [(null)] Inside  Store Index Fatal
2015-03-02 15:14:04,565 [11] FATAL BootstrapMVC.Helpers.Logger [(null)] Inside  Store Index Fatal
2015-06-27 22:28:46,050 [6] FATAL BootstrapMVC.Helpers.Logger [(null)] Inside  Store Index Fatal
2015-06-27 22:29:44,079 [10] FATAL BootstrapMVC.Helpers.Logger [(null)] Inside  Store Index Fatal
2015-06-27 22:29:51,994 [6] FATAL BootstrapMVC.Helpers.Logger [(null)] Inside  Store Index Fatal
2015-06-27 22:30:31,823 [7] FATAL BootstrapMVC.Helpers.Logger [(null)] Inside  Store Index Fatal
2015-06-27 22:30:59,060 [6] FATAL BootstrapMVC.Helpers.Logger [(null)] Inside  Store Index Fatal
2015-06-27 22:31:11,778 [6] FATAL BootstrapMVC.Helpers.Logger [(null)] Inside  Store Index Fatal
2015-06-27 22:31:19,190 [7] FATAL BootstrapMVC.Helpers.Logger [(null)] Inside  Store Index Fatal
2015-06-27 22:31:33,431 [6] FATAL BootstrapMVC.Helpers.Logger [(null)] Inside  Store Index Fatal
2015-06-27 22:39:40,086 [13] FATAL BootstrapMVC.Helpers.Logger [(null)] Inside  Store Index Fatal
2015-06-28 08:36:50,902 [16] FATAL BootstrapMVC.Helpers.Logger [(null)] Inside  Store Index Fatal
2015-06-28 08:36:55,885 [28] FATAL BootstrapMVC.Helpers.Logger [(null)] Inside  Store Index Fatal
